<?xml version="1.0" encoding="UTF-8"?>
<!-- Generated by org.testng.reporters.JUnitReportReporter -->
<testsuite hostname="Rohit-RG" failures="0" tests="1" name="TestNG.InvokeChromeBrowser" time="2.910" errors="0" timestamp="2024-02-28T10:59:54 IST" skipped="0">
  <testcase classname="TestNG.InvokeChromeBrowser" name="invokechrome" time="2.910"/>
  <system-out/>
</testsuite> <!-- TestNG.InvokeChromeBrowser -->
