<?xml version="1.0" encoding="UTF-8"?>
<!-- Generated by org.testng.reporters.JUnitReportReporter -->
<testsuite hostname="LAPTOP-AVB2L64G" failures="0" tests="1" name="TestNG.NewTest" time="0.010" errors="0" timestamp="2024-02-26T14:00:19 IST" skipped="0">
  <testcase classname="TestNG.NewTest" name="tescase1tesng" time="0.010"/>
  <system-out/>
</testsuite> <!-- TestNG.NewTest -->
