<?xml version="1.0" encoding="UTF-8"?>
<!-- Generated by org.testng.reporters.JUnitReportReporter -->
<testsuite hostname="Rohit-RG" failures="0" tests="1" name="TestNG.InvokeFirefox" time="11.294" errors="0" timestamp="2024-02-28T13:37:05 IST" skipped="0">
  <testcase classname="TestNG.InvokeFirefox" name="invokeff" time="11.294"/>
  <system-out/>
</testsuite> <!-- TestNG.InvokeFirefox -->
