<?xml version="1.0" encoding="UTF-8"?>
<!-- Generated by org.testng.reporters.JUnitReportReporter -->
<testsuite hostname="LAPTOP-AVB2L64G" failures="0" tests="3" name="TestNG.EnableFalse" time="0.011" errors="0" timestamp="2024-02-26T14:09:49 IST" skipped="1">
  <testcase classname="TestNG.EnableFalse" name="testcase2" time="0.009"/>
  <system-out/>
  <testcase classname="TestNG.EnableFalse" name="testcase3" time="0.002"/>
  <system-out/>
  <testcase classname="TestNG.EnableFalse" name="testcase1">
    <skipped/>
  </testcase> <!-- testcase1 -->
  <system-out/>
</testsuite> <!-- TestNG.EnableFalse -->
