<?xml version="1.0" encoding="UTF-8"?>
<!-- Generated by org.testng.reporters.JUnitReportReporter -->
<testsuite hostname="LAPTOP-AVB2L64G" failures="0" tests="4" name="TestNG.Grouping" time="0.019" errors="0" timestamp="2024-02-26T14:53:26 IST" skipped="0">
  <testcase classname="TestNG.Grouping" name="Products" time="0.002"/>
  <system-out/>
  <testcase classname="TestNG.Grouping" name="AddTocart" time="0.014"/>
  <system-out/>
  <testcase classname="TestNG.Grouping" name="Payment" time="0.002"/>
  <system-out/>
  <testcase classname="TestNG.Grouping" name="login" time="0.001"/>
  <system-out/>
</testsuite> <!-- TestNG.Grouping -->
