<?xml version="1.0" encoding="UTF-8"?>
<!-- Generated by org.testng.reporters.JUnitReportReporter -->
<testsuite hostname="LAPTOP-AVB2L64G" failures="0" tests="3" name="TestNG.Prioritytesting" time="0.015" errors="0" timestamp="2024-02-26T14:05:41 IST" skipped="0">
  <testcase classname="TestNG.Prioritytesting" name="testcase1" time="0.013"/>
  <system-out/>
  <testcase classname="TestNG.Prioritytesting" name="testcase3" time="0.001"/>
  <system-out/>
  <testcase classname="TestNG.Prioritytesting" name="testcase2" time="0.001"/>
  <system-out/>
</testsuite> <!-- TestNG.Prioritytesting -->
