<?xml version="1.0" encoding="UTF-8"?>
<!-- Generated by org.testng.reporters.JUnitReportReporter -->
<testsuite hostname="Rohit-RG" failures="0" tests="1" name="TestNG.InvokeFirefox" time="5.536" errors="0" timestamp="2024-02-28T10:59:54 IST" skipped="0">
  <testcase classname="TestNG.InvokeFirefox" name="invokeff" time="5.536"/>
  <system-out/>
</testsuite> <!-- TestNG.InvokeFirefox -->
