<?xml version="1.0" encoding="UTF-8"?>
<!-- Generated by org.testng.reporters.JUnitReportReporter -->
<testsuite hostname="Rohit-RG" failures="0" tests="1" name="TestNG.InvokeChromeBrowser" time="3.340" errors="0" timestamp="2024-02-28T13:37:05 IST" skipped="0">
  <testcase classname="TestNG.InvokeChromeBrowser" name="invokechrome" time="3.340"/>
  <system-out/>
</testsuite> <!-- TestNG.InvokeChromeBrowser -->
