<?xml version="1.0" encoding="UTF-8"?>
<!-- Generated by org.testng.reporters.JUnitReportReporter -->
<testsuite hostname="Rohit-RG" failures="0" tests="1" name="TestNG.InvokeEdge" time="4.310" errors="0" timestamp="2024-02-28T10:59:54 IST" skipped="0">
  <testcase classname="TestNG.InvokeEdge" name="invokeedge" time="4.310"/>
  <system-out/>
</testsuite> <!-- TestNG.InvokeEdge -->
