<?xml version="1.0" encoding="UTF-8"?>
<!-- Generated by org.testng.reporters.JUnitReportReporter -->
<testsuite hostname="LAPTOP-AVB2L64G" failures="0" tests="4" name="TestNG.AnnotationsEg" time="0.014" errors="0" timestamp="2024-02-27T10:54:37 IST" skipped="0">
  <testcase classname="TestNG.AnnotationsEg" name="testcase2" time="0.003"/>
  <system-out/>
  <testcase classname="TestNG.AnnotationsEg" name="testcase4" time="0.001"/>
  <system-out/>
  <testcase classname="TestNG.AnnotationsEg" name="testcase3" time="0.003"/>
  <system-out/>
  <testcase classname="TestNG.AnnotationsEg" name="testcase1" time="0.007"/>
  <system-out/>
</testsuite> <!-- TestNG.AnnotationsEg -->
