<?xml version="1.0" encoding="UTF-8"?>
<!-- Generated by org.testng.reporters.JUnitReportReporter -->
<testsuite hostname="LAPTOP-AVB2L64G" failures="0" tests="1" name="TestNG.SoftAssertEg" time="7.086" errors="0" timestamp="2024-02-26T15:53:17 IST" skipped="0">
  <testcase classname="TestNG.SoftAssertEg" name="testassert" time="7.086"/>
  <system-out/>
</testsuite> <!-- TestNG.SoftAssertEg -->
