<?xml version="1.0" encoding="UTF-8"?>
<!-- Generated by org.testng.reporters.JUnitReportReporter -->
<testsuite hostname="LAPTOP-AVB2L64G" failures="0" tests="3" name="TestNG.DependsOnMethodeg" time="0.016" errors="0" timestamp="2024-02-26T14:14:47 IST" skipped="0">
  <testcase classname="TestNG.DependsOnMethodeg" name="testcase3" time="0.002"/>
  <system-out/>
  <testcase classname="TestNG.DependsOnMethodeg" name="testcase1" time="0.012"/>
  <system-out/>
  <testcase classname="TestNG.DependsOnMethodeg" name="testcase2" time="0.002"/>
  <system-out/>
</testsuite> <!-- TestNG.DependsOnMethodeg -->
