<?xml version="1.0" encoding="UTF-8"?>
<!-- Generated by org.testng.reporters.JUnitReportReporter -->
<testsuite hostname="LAPTOP-AVB2L64G" failures="0" tests="1" name="TestNG.ParallelTesting" time="6.677" errors="0" timestamp="2024-02-26T15:33:20 IST" skipped="0">
  <testcase classname="TestNG.ParallelTesting" name="parameterizedtest" time="6.677"/>
  <system-out/>
</testsuite> <!-- TestNG.ParallelTesting -->
