<?xml version="1.0" encoding="UTF-8"?>
<!-- Generated by org.testng.reporters.JUnitReportReporter -->
<testsuite hostname="Rohit-RG" failures="0" tests="1" name="TestNG.InvokeFirefox" time="7.175" errors="0" timestamp="2024-02-27T11:11:10 IST" skipped="0">
  <testcase classname="TestNG.InvokeFirefox" name="invokeff" time="7.175"/>
  <system-out/>
</testsuite> <!-- TestNG.InvokeFirefox -->
